Arguments: 
  /usr/bin/node /usr/local/bin/yarn install

PATH: 
  /tmp/pip-build-env-7npdui0g/overlay/bin:/tmp/pip-build-env-7npdui0g/normal/bin:/home/daniel/Projects/d3-demonstrations/venv/bin:/home/daniel/.vscode-server/bin/abd2f3db4bdb28f9e95536dfa84d8479f1eb312d/bin/remote-cli:/home/daniel/.local/bin:/usr/local/sbin:/usr/local/bin:/usr/sbin:/usr/bin:/sbin:/bin:/usr/games:/usr/local/games:/usr/lib/wsl/lib:/mnt/c/Program Files/Common Files/Oracle/Java/javapath:/mnt/c/windows/system32:/mnt/c/windows:/mnt/c/windows/System32/Wbem:/mnt/c/windows/System32/WindowsPowerShell/v1.0/:/mnt/c/windows/System32/OpenSSH/:/mnt/c/Program Files/Java/jdk-18/bin:/mnt/c/Users/daniel.miranda/AppData/Local/Android/Sdk/platform-tools:/mnt/c/Users/daniel.miranda/AppData/Local/Android/Sdk/tools:/mnt/c/Users/daniel.miranda/AppData/Local/Android/Sdk/tools/bin:/mnt/c/Program Files/heroku/bin:/mnt/c/Program Files/Docker/Docker/resources/bin:/mnt/c/Users/daniel.miranda/AppData/Local/Microsoft/WindowsApps:/mnt/c/Users/daniel.miranda/AppData/Local/Programs/Microsoft VS Code/bin:/mnt/c/Users/daniel.miranda/AppData/Local/Programs/Git/cmd:/mnt/c/Users/daniel.miranda/AppData/Local/JetBrains/IntelliJ IDEA Community Edition 2021.2.3/bin:/mnt/c/texlive/2022/bin/win32:/snap/bin

Yarn version: 
  1.22.19

Node version: 
  12.22.9

Platform: 
  linux x64

Trace: 
  Error: unable to get local issuer certificate
      at TLSSocket.onConnectSecure (_tls_wrap.js:1502:34)
      at TLSSocket.emit (events.js:314:20)
      at TLSSocket._finishInit (_tls_wrap.js:937:8)
      at TLSWrap.ssl.onhandshakedone (_tls_wrap.js:711:12)

npm manifest: 
  {
    "name": "jupyter-widget-example",
    "version": "0.1.0",
    "description": "A Custom Jupyter Widget Library",
    "author": "Daniel Adam Miranda",
    "license": "BSD-3-Clause",
    "main": "lib/index.js",
    "repository": {
      "type": "git",
      "url": "https://github.com/Eldorado/jupyter-widget-example.git"
    },
    "keywords": [
      "jupyter",
      "widgets",
      "ipython",
      "ipywidgets",
      "jupyterlab-extension"
    ],
    "files": [
      "lib/**/*.js",
      "dist/*.js"
    ],
    "scripts": {
      "clean": "rimraf dist/ && rimraf ../jupyter_widget_example/labextension/ && rimraf ../jupyter_widget_example/nbextension",
      "prepublish": "yarn run clean && yarn run build:prod",
      "build": "webpack --mode=development && yarn run build:labextension:dev",
      "build:prod": "webpack --mode=production && yarn run build:labextension",
      "build:labextension": "jupyter labextension build .",
      "build:labextension:dev": "jupyter labextension build --development True .",
      "watch": "webpack --watch --mode=development",
      "test": "echo \"Error: no test specified\" && exit 1"
    },
    "devDependencies": {
      "@jupyterlab/builder": "^4.0.6",
      "rimraf": "^2.6.1",
      "webpack": "^5"
    },
    "dependencies": {
      "@jupyter-widgets/base": "^1.1 || ^2 || ^3 || ^4 || ^6",
      "d3": "^7.8.5"
    },
    "jupyterlab": {
      "extension": "lib/labplugin",
      "outputDir": "../jupyter_widget_example/labextension",
      "sharedPackages": {
        "@jupyter-widgets/base": {
          "bundled": false,
          "singleton": true
        }
      }
    }
  }

yarn manifest: 
  No manifest

Lockfile: 
  No lockfile
